2020-12-10 17:46:08 [scrapy.utils.log] INFO: Scrapy 1.8.0 started (bot: Clearscrape)
2020-12-10 17:46:08 [scrapy.utils.log] INFO: Versions: lxml 3.8.0.0, libxml2 2.9.3, cssselect 1.0.1, parsel 1.6.0, w3lib 1.22.0, Twisted 20.3.0, Python 2.7.18rc1 (default, Apr  7 2020, 12:05:55) - [GCC 9.3.0], pyOpenSSL 19.1.0 (OpenSSL 1.1.1h  22 Sep 2020), cryptography 3.1.1, Platform Linux-5.4.0-56-generic-x86_64-with-Ubuntu-20.04-focal
2020-12-10 17:46:08 [scrapy.crawler] INFO: Overridden settings: {'AUTOTHROTTLE_MAX_DELAY': 3, 'AUTOTHROTTLE_TARGET_CONCURRENCY': 2.0, 'AJAXCRAWL_ENABLED': True, 'COOKIES_ENABLED': False, 'DOWNLOAD_DELAY': 1, 'LOG_LEVEL': 'INFO', 'RETRY_ENABLED': False, 'DOWNLOAD_TIMEOUT': 60, 'DEPTH_PRIORITY': 1, 'SCHEDULER_MEMORY_QUEUE': 'scrapy.squeues.FifoMemoryQueue', 'SCHEDULER_DISK_QUEUE': 'scrapy.squeues.PickleFifoDiskQueue', 'BOT_NAME': 'Clearscrape', 'CONCURRENT_REQUESTS': 120, 'SPIDER_MODULES': ['Clearscrape.spiders'], 'AUTOTHROTTLE_START_DELAY': 0.75, 'AUTOTHROTTLE_ENABLED': True, 'TELNETCONSOLE_PORT': [6023], 'REDIRECT_ENABLED': False, 'LOG_FILE': 'roland.log', 'AUTOTHROTTLE_DEBUG': True, 'NEWSPIDER_MODULE': 'Clearscrape.spiders', 'DEPTH_LIMIT': 2, 'CONCURRENT_REQUESTS_PER_DOMAIN': 15, 'REACTOR_THREADPOOL_MAXSIZE': 20}
2020-12-10 17:46:08 [scrapy.extensions.telnet] INFO: Telnet Password: efa9ffe9a7cf564e
2020-12-10 17:46:08 [scrapy.middleware] INFO: Enabled extensions:
['scrapy.extensions.memusage.MemoryUsage',
 'scrapy.extensions.logstats.LogStats',
 'scrapy.extensions.corestats.CoreStats',
 'scrapy.extensions.throttle.AutoThrottle',
 'scrapy.extensions.telnet.TelnetConsole']
2020-12-10 17:46:08 [scrapy.middleware] INFO: Enabled downloader middlewares:
['scrapy.downloadermiddlewares.httpauth.HttpAuthMiddleware',
 'scrapy.downloadermiddlewares.downloadtimeout.DownloadTimeoutMiddleware',
 'Clearscrape.middlewares.IgnoreDomainMiddleware',
 'scrapy.downloadermiddlewares.defaultheaders.DefaultHeadersMiddleware',
 'Clearscrape.middlewares.ProxyMiddleware',
 'Clearscrape.middlewares.RandomUserAgentMiddleware',
 'scrapy.downloadermiddlewares.ajaxcrawl.AjaxCrawlMiddleware',
 'scrapy.downloadermiddlewares.useragent.UserAgentMiddleware',
 'scrapy.downloadermiddlewares.redirect.MetaRefreshMiddleware',
 'scrapy.downloadermiddlewares.httpcompression.HttpCompressionMiddleware',
 'scrapy.downloadermiddlewares.httpproxy.HttpProxyMiddleware',
 'scrapy.downloadermiddlewares.stats.DownloaderStats']
2020-12-10 17:46:08 [scrapy.middleware] INFO: Enabled spider middlewares:
['scrapy.spidermiddlewares.httperror.HttpErrorMiddleware',
 'scrapy.spidermiddlewares.depth.DepthMiddleware',
 'scrapy.spidermiddlewares.offsite.OffsiteMiddleware',
 'scrapy.spidermiddlewares.referer.RefererMiddleware',
 'scrapy.spidermiddlewares.urllength.UrlLengthMiddleware']
2020-12-10 17:46:08 [scrapy.middleware] INFO: Enabled item pipelines:
['Clearscrape.pipelines.PagetextPipeline']
2020-12-10 17:46:08 [scrapy.core.engine] INFO: Spider opened
2020-12-10 17:46:08 [scrapy.extensions.logstats] INFO: Crawled 0 pages (at 0 pages/min), scraped 0 items (at 0 items/min)
2020-12-10 17:46:08 [scrapy.extensions.telnet] INFO: Telnet console listening on 127.0.0.1:6023
2020-12-10 17:46:08 [scrapy.core.scraper] ERROR: Error downloading <GET http://www.anl.gov>
Traceback (most recent call last):
  File "/root/.local/lib/python2.7/site-packages/twisted/internet/defer.py", line 1418, in _inlineCallbacks
    result = g.send(result)
  File "/root/.local/lib/python2.7/site-packages/scrapy/core/downloader/middleware.py", line 38, in process_request
    response = yield method(request=request, spider=spider)
  File "/projects/78d53950-4f33-422e-b507-8000bdd67fb6/torantula/Torantula/Clearscrape/Clearscrape/middlewares.py", line 47, in process_request
    if spider.tor_activated:
AttributeError: 'ClearSpider' object has no attribute 'tor_activated'
2020-12-10 17:46:08 [scrapy.core.scraper] ERROR: Error downloading <GET http://coar.risc.anl.gov>
Traceback (most recent call last):
  File "/root/.local/lib/python2.7/site-packages/twisted/internet/defer.py", line 1418, in _inlineCallbacks
    result = g.send(result)
  File "/root/.local/lib/python2.7/site-packages/scrapy/core/downloader/middleware.py", line 38, in process_request
    response = yield method(request=request, spider=spider)
  File "/projects/78d53950-4f33-422e-b507-8000bdd67fb6/torantula/Torantula/Clearscrape/Clearscrape/middlewares.py", line 47, in process_request
    if spider.tor_activated:
AttributeError: 'ClearSpider' object has no attribute 'tor_activated'
2020-12-10 17:46:08 [scrapy.core.engine] INFO: Closing spider (finished)
2020-12-10 17:46:08 [scrapy.statscollectors] INFO: Dumping Scrapy stats:
{'downloader/exception_count': 2,
 'downloader/exception_type_count/exceptions.AttributeError': 2,
 'elapsed_time_seconds': 0.227794,
 'finish_reason': 'finished',
 'finish_time': datetime.datetime(2020, 12, 10, 17, 46, 8, 532862),
 'log_count/ERROR': 2,
 'log_count/INFO': 10,
 'memusage/max': 56926208,
 'memusage/startup': 56926208,
 'scheduler/dequeued': 2,
 'scheduler/dequeued/memory': 2,
 'scheduler/enqueued': 2,
 'scheduler/enqueued/memory': 2,
 'start_time': datetime.datetime(2020, 12, 10, 17, 46, 8, 305068)}
2020-12-10 17:46:08 [scrapy.core.engine] INFO: Spider closed (finished)
2020-12-10 17:47:25 [scrapy.utils.log] INFO: Scrapy 1.8.0 started (bot: Clearscrape)
2020-12-10 17:47:25 [scrapy.utils.log] INFO: Versions: lxml 3.8.0.0, libxml2 2.9.3, cssselect 1.0.1, parsel 1.6.0, w3lib 1.22.0, Twisted 20.3.0, Python 2.7.18rc1 (default, Apr  7 2020, 12:05:55) - [GCC 9.3.0], pyOpenSSL 19.1.0 (OpenSSL 1.1.1h  22 Sep 2020), cryptography 3.1.1, Platform Linux-5.4.0-56-generic-x86_64-with-Ubuntu-20.04-focal
2020-12-10 17:47:25 [scrapy.crawler] INFO: Overridden settings: {'AUTOTHROTTLE_MAX_DELAY': 3, 'AUTOTHROTTLE_TARGET_CONCURRENCY': 2.0, 'AJAXCRAWL_ENABLED': True, 'COOKIES_ENABLED': False, 'DOWNLOAD_DELAY': 1, 'LOG_LEVEL': 'INFO', 'RETRY_ENABLED': False, 'DOWNLOAD_TIMEOUT': 60, 'DEPTH_PRIORITY': 1, 'SCHEDULER_MEMORY_QUEUE': 'scrapy.squeues.FifoMemoryQueue', 'SCHEDULER_DISK_QUEUE': 'scrapy.squeues.PickleFifoDiskQueue', 'BOT_NAME': 'Clearscrape', 'CONCURRENT_REQUESTS': 120, 'SPIDER_MODULES': ['Clearscrape.spiders'], 'AUTOTHROTTLE_START_DELAY': 0.75, 'AUTOTHROTTLE_ENABLED': True, 'TELNETCONSOLE_PORT': [6023], 'REDIRECT_ENABLED': False, 'LOG_FILE': 'roland.log', 'AUTOTHROTTLE_DEBUG': True, 'NEWSPIDER_MODULE': 'Clearscrape.spiders', 'DEPTH_LIMIT': 2, 'CONCURRENT_REQUESTS_PER_DOMAIN': 15, 'REACTOR_THREADPOOL_MAXSIZE': 20}
2020-12-10 17:47:25 [scrapy.extensions.telnet] INFO: Telnet Password: d50c76fd08113da7
2020-12-10 17:47:25 [scrapy.middleware] INFO: Enabled extensions:
['scrapy.extensions.memusage.MemoryUsage',
 'scrapy.extensions.logstats.LogStats',
 'scrapy.extensions.corestats.CoreStats',
 'scrapy.extensions.throttle.AutoThrottle',
 'scrapy.extensions.telnet.TelnetConsole']
2020-12-10 17:47:25 [scrapy.middleware] INFO: Enabled downloader middlewares:
['scrapy.downloadermiddlewares.httpauth.HttpAuthMiddleware',
 'scrapy.downloadermiddlewares.downloadtimeout.DownloadTimeoutMiddleware',
 'Clearscrape.middlewares.IgnoreDomainMiddleware',
 'scrapy.downloadermiddlewares.defaultheaders.DefaultHeadersMiddleware',
 'Clearscrape.middlewares.ProxyMiddleware',
 'Clearscrape.middlewares.RandomUserAgentMiddleware',
 'scrapy.downloadermiddlewares.ajaxcrawl.AjaxCrawlMiddleware',
 'scrapy.downloadermiddlewares.useragent.UserAgentMiddleware',
 'scrapy.downloadermiddlewares.redirect.MetaRefreshMiddleware',
 'scrapy.downloadermiddlewares.httpcompression.HttpCompressionMiddleware',
 'scrapy.downloadermiddlewares.httpproxy.HttpProxyMiddleware',
 'scrapy.downloadermiddlewares.stats.DownloaderStats']
2020-12-10 17:47:25 [scrapy.middleware] INFO: Enabled spider middlewares:
['scrapy.spidermiddlewares.httperror.HttpErrorMiddleware',
 'scrapy.spidermiddlewares.depth.DepthMiddleware',
 'scrapy.spidermiddlewares.offsite.OffsiteMiddleware',
 'scrapy.spidermiddlewares.referer.RefererMiddleware',
 'scrapy.spidermiddlewares.urllength.UrlLengthMiddleware']
2020-12-10 17:47:25 [scrapy.middleware] INFO: Enabled item pipelines:
['Clearscrape.pipelines.PagetextPipeline']
2020-12-10 17:47:25 [scrapy.core.engine] INFO: Spider opened
2020-12-10 17:47:25 [scrapy.extensions.logstats] INFO: Crawled 0 pages (at 0 pages/min), scraped 0 items (at 0 items/min)
2020-12-10 17:47:25 [scrapy.extensions.telnet] INFO: Telnet console listening on 127.0.0.1:6023
2020-12-10 17:47:25 [root] INFO: <GET http://www.anl.gov>:

2020-12-10 17:47:25 [root] INFO: <GET http://coar.risc.anl.gov>:

2020-12-10 17:47:25 [scrapy.extensions.throttle] INFO: slot: coar.risc.anl.gov | conc: 1 | delay: 1000 ms (+0) | latency:   13 ms | size:   317 bytes
2020-12-10 17:47:25 [scrapy.extensions.throttle] INFO: slot: www.anl.gov | conc: 1 | delay: 1000 ms (+0) | latency:   61 ms | size:   228 bytes
2020-12-10 17:47:25 [scrapy.spidermiddlewares.httperror] INFO: Ignoring response <301 http://coar.risc.anl.gov>: HTTP status code is not handled or not allowed
2020-12-10 17:47:25 [scrapy.spidermiddlewares.httperror] INFO: Ignoring response <301 http://www.anl.gov>: HTTP status code is not handled or not allowed
2020-12-10 17:47:25 [scrapy.core.engine] INFO: Closing spider (finished)
2020-12-10 17:47:25 [scrapy.statscollectors] INFO: Dumping Scrapy stats:
{'downloader/request_bytes': 488,
 'downloader/request_count': 2,
 'downloader/request_method_count/GET': 2,
 'downloader/response_bytes': 1174,
 'downloader/response_count': 2,
 'downloader/response_status_count/301': 2,
 'elapsed_time_seconds': 0.173874,
 'finish_reason': 'finished',
 'finish_time': datetime.datetime(2020, 12, 10, 17, 47, 25, 955337),
 'httperror/response_ignored_count': 2,
 'httperror/response_ignored_status_count/301': 2,
 'log_count/INFO': 16,
 'memusage/max': 56627200,
 'memusage/startup': 56627200,
 'response_received_count': 2,
 'scheduler/dequeued': 2,
 'scheduler/dequeued/memory': 2,
 'scheduler/enqueued': 2,
 'scheduler/enqueued/memory': 2,
 'start_time': datetime.datetime(2020, 12, 10, 17, 47, 25, 781463)}
2020-12-10 17:47:25 [scrapy.core.engine] INFO: Spider closed (finished)
2020-12-10 17:48:20 [scrapy.utils.log] INFO: Scrapy 1.8.0 started (bot: Clearscrape)
2020-12-10 17:48:20 [scrapy.utils.log] INFO: Versions: lxml 3.8.0.0, libxml2 2.9.3, cssselect 1.0.1, parsel 1.6.0, w3lib 1.22.0, Twisted 20.3.0, Python 2.7.18rc1 (default, Apr  7 2020, 12:05:55) - [GCC 9.3.0], pyOpenSSL 19.1.0 (OpenSSL 1.1.1h  22 Sep 2020), cryptography 3.1.1, Platform Linux-5.4.0-56-generic-x86_64-with-Ubuntu-20.04-focal
2020-12-10 17:48:20 [scrapy.crawler] INFO: Overridden settings: {'AUTOTHROTTLE_MAX_DELAY': 3, 'AUTOTHROTTLE_TARGET_CONCURRENCY': 2.0, 'AJAXCRAWL_ENABLED': True, 'COOKIES_ENABLED': False, 'DOWNLOAD_DELAY': 1, 'LOG_LEVEL': 'INFO', 'RETRY_ENABLED': False, 'DOWNLOAD_TIMEOUT': 60, 'DEPTH_PRIORITY': 1, 'SCHEDULER_MEMORY_QUEUE': 'scrapy.squeues.FifoMemoryQueue', 'SCHEDULER_DISK_QUEUE': 'scrapy.squeues.PickleFifoDiskQueue', 'BOT_NAME': 'Clearscrape', 'CONCURRENT_REQUESTS': 120, 'SPIDER_MODULES': ['Clearscrape.spiders'], 'AUTOTHROTTLE_START_DELAY': 0.75, 'AUTOTHROTTLE_ENABLED': True, 'TELNETCONSOLE_PORT': [6023], 'REDIRECT_ENABLED': False, 'LOG_FILE': 'roland.log', 'AUTOTHROTTLE_DEBUG': True, 'NEWSPIDER_MODULE': 'Clearscrape.spiders', 'DEPTH_LIMIT': 2, 'CONCURRENT_REQUESTS_PER_DOMAIN': 15, 'REACTOR_THREADPOOL_MAXSIZE': 20}
2020-12-10 17:48:20 [scrapy.extensions.telnet] INFO: Telnet Password: caab5ed3e462d80a
2020-12-10 17:48:20 [scrapy.middleware] INFO: Enabled extensions:
['scrapy.extensions.memusage.MemoryUsage',
 'scrapy.extensions.logstats.LogStats',
 'scrapy.extensions.corestats.CoreStats',
 'scrapy.extensions.throttle.AutoThrottle',
 'scrapy.extensions.telnet.TelnetConsole']
2020-12-10 17:48:20 [scrapy.middleware] INFO: Enabled downloader middlewares:
['scrapy.downloadermiddlewares.httpauth.HttpAuthMiddleware',
 'scrapy.downloadermiddlewares.downloadtimeout.DownloadTimeoutMiddleware',
 'Clearscrape.middlewares.IgnoreDomainMiddleware',
 'scrapy.downloadermiddlewares.defaultheaders.DefaultHeadersMiddleware',
 'Clearscrape.middlewares.ProxyMiddleware',
 'Clearscrape.middlewares.RandomUserAgentMiddleware',
 'scrapy.downloadermiddlewares.ajaxcrawl.AjaxCrawlMiddleware',
 'scrapy.downloadermiddlewares.useragent.UserAgentMiddleware',
 'scrapy.downloadermiddlewares.redirect.MetaRefreshMiddleware',
 'scrapy.downloadermiddlewares.httpcompression.HttpCompressionMiddleware',
 'scrapy.downloadermiddlewares.httpproxy.HttpProxyMiddleware',
 'scrapy.downloadermiddlewares.stats.DownloaderStats']
2020-12-10 17:48:20 [scrapy.middleware] INFO: Enabled spider middlewares:
['scrapy.spidermiddlewares.httperror.HttpErrorMiddleware',
 'scrapy.spidermiddlewares.depth.DepthMiddleware',
 'scrapy.spidermiddlewares.offsite.OffsiteMiddleware',
 'scrapy.spidermiddlewares.referer.RefererMiddleware',
 'scrapy.spidermiddlewares.urllength.UrlLengthMiddleware']
2020-12-10 17:48:20 [scrapy.middleware] INFO: Enabled item pipelines:
['Clearscrape.pipelines.PagetextPipeline']
2020-12-10 17:48:20 [scrapy.core.engine] INFO: Spider opened
2020-12-10 17:48:20 [scrapy.extensions.logstats] INFO: Crawled 0 pages (at 0 pages/min), scraped 0 items (at 0 items/min)
2020-12-10 17:48:20 [scrapy.extensions.telnet] INFO: Telnet console listening on 127.0.0.1:6023
2020-12-10 17:48:20 [root] INFO: <GET http://www.csszengarden.com>:

2020-12-10 17:48:20 [root] INFO: <GET http://www.anl.gov>:

2020-12-10 17:48:20 [root] INFO: <GET http://coar.risc.anl.gov>:

2020-12-10 17:48:20 [scrapy.extensions.throttle] INFO: slot: coar.risc.anl.gov | conc: 1 | delay: 1000 ms (+0) | latency:    8 ms | size:   317 bytes
2020-12-10 17:48:20 [scrapy.extensions.throttle] INFO: slot: www.csszengarden.com | conc: 1 | delay: 1000 ms (+0) | latency:   19 ms | size:  5925 bytes
2020-12-10 17:48:20 [scrapy.extensions.throttle] INFO: slot: www.anl.gov | conc: 1 | delay: 1000 ms (+0) | latency:   35 ms | size:   228 bytes
2020-12-10 17:48:20 [scrapy.spidermiddlewares.httperror] INFO: Ignoring response <301 http://coar.risc.anl.gov>: HTTP status code is not handled or not allowed
2020-12-10 17:48:20 [scrapy.spidermiddlewares.httperror] INFO: Ignoring response <403 http://www.csszengarden.com>: HTTP status code is not handled or not allowed
2020-12-10 17:48:20 [scrapy.spidermiddlewares.httperror] INFO: Ignoring response <301 http://www.anl.gov>: HTTP status code is not handled or not allowed
2020-12-10 17:48:20 [scrapy.core.engine] INFO: Closing spider (finished)
2020-12-10 17:48:20 [scrapy.statscollectors] INFO: Dumping Scrapy stats:
{'downloader/request_bytes': 754,
 'downloader/request_count': 3,
 'downloader/request_method_count/GET': 3,
 'downloader/response_bytes': 7237,
 'downloader/response_count': 3,
 'downloader/response_status_count/301': 2,
 'downloader/response_status_count/403': 1,
 'elapsed_time_seconds': 0.164979,
 'finish_reason': 'finished',
 'finish_time': datetime.datetime(2020, 12, 10, 17, 48, 20, 729733),
 'httperror/response_ignored_count': 3,
 'httperror/response_ignored_status_count/301': 2,
 'httperror/response_ignored_status_count/403': 1,
 'log_count/INFO': 19,
 'memusage/max': 56647680,
 'memusage/startup': 56647680,
 'response_received_count': 3,
 'scheduler/dequeued': 3,
 'scheduler/dequeued/memory': 3,
 'scheduler/enqueued': 3,
 'scheduler/enqueued/memory': 3,
 'start_time': datetime.datetime(2020, 12, 10, 17, 48, 20, 564754)}
2020-12-10 17:48:20 [scrapy.core.engine] INFO: Spider closed (finished)
2020-12-10 18:25:01 [scrapy.utils.log] INFO: Scrapy 1.8.0 started (bot: Clearscrape)
2020-12-10 18:25:01 [scrapy.utils.log] INFO: Versions: lxml 3.8.0.0, libxml2 2.9.3, cssselect 1.0.1, parsel 1.6.0, w3lib 1.22.0, Twisted 20.3.0, Python 2.7.18rc1 (default, Apr  7 2020, 12:05:55) - [GCC 9.3.0], pyOpenSSL 19.1.0 (OpenSSL 1.1.1h  22 Sep 2020), cryptography 3.1.1, Platform Linux-5.4.0-56-generic-x86_64-with-Ubuntu-20.04-focal
2020-12-10 18:25:01 [scrapy.crawler] INFO: Overridden settings: {'AUTOTHROTTLE_MAX_DELAY': 3, 'AUTOTHROTTLE_TARGET_CONCURRENCY': 2.0, 'AJAXCRAWL_ENABLED': True, 'COOKIES_ENABLED': False, 'DOWNLOAD_DELAY': 1, 'LOG_LEVEL': 'INFO', 'SPIDER_LOADER_WARN_ONLY': True, 'RETRY_ENABLED': False, 'DOWNLOAD_TIMEOUT': 60, 'DEPTH_PRIORITY': 1, 'SCHEDULER_MEMORY_QUEUE': 'scrapy.squeues.FifoMemoryQueue', 'SCHEDULER_DISK_QUEUE': 'scrapy.squeues.PickleFifoDiskQueue', 'BOT_NAME': 'Clearscrape', 'CONCURRENT_REQUESTS': 120, 'SPIDER_MODULES': ['Clearscrape.spiders'], 'AUTOTHROTTLE_START_DELAY': 0.75, 'AUTOTHROTTLE_ENABLED': True, 'TELNETCONSOLE_PORT': [6023], 'REDIRECT_ENABLED': False, 'LOG_FILE': 'roland.log', 'AUTOTHROTTLE_DEBUG': True, 'NEWSPIDER_MODULE': 'Clearscrape.spiders', 'DEPTH_LIMIT': 2, 'CONCURRENT_REQUESTS_PER_DOMAIN': 15, 'REACTOR_THREADPOOL_MAXSIZE': 20}
2020-12-10 18:25:01 [scrapy.extensions.telnet] INFO: Telnet Password: ab916cf7a548e387
2020-12-10 18:25:01 [scrapy.middleware] INFO: Enabled extensions:
['scrapy.extensions.memusage.MemoryUsage',
 'scrapy.extensions.logstats.LogStats',
 'scrapy.extensions.corestats.CoreStats',
 'scrapy.extensions.throttle.AutoThrottle',
 'scrapy.extensions.telnet.TelnetConsole']
2020-12-10 18:25:01 [scrapy.middleware] INFO: Enabled downloader middlewares:
['scrapy.downloadermiddlewares.httpauth.HttpAuthMiddleware',
 'scrapy.downloadermiddlewares.downloadtimeout.DownloadTimeoutMiddleware',
 'Clearscrape.middlewares.IgnoreDomainMiddleware',
 'scrapy.downloadermiddlewares.defaultheaders.DefaultHeadersMiddleware',
 'Clearscrape.middlewares.ProxyMiddleware',
 'Clearscrape.middlewares.RandomUserAgentMiddleware',
 'scrapy.downloadermiddlewares.ajaxcrawl.AjaxCrawlMiddleware',
 'scrapy.downloadermiddlewares.useragent.UserAgentMiddleware',
 'scrapy.downloadermiddlewares.redirect.MetaRefreshMiddleware',
 'scrapy.downloadermiddlewares.httpcompression.HttpCompressionMiddleware',
 'scrapy.downloadermiddlewares.httpproxy.HttpProxyMiddleware',
 'scrapy.downloadermiddlewares.stats.DownloaderStats']
2020-12-10 18:25:01 [scrapy.middleware] INFO: Enabled spider middlewares:
['scrapy.spidermiddlewares.httperror.HttpErrorMiddleware',
 'scrapy.spidermiddlewares.depth.DepthMiddleware',
 'scrapy.spidermiddlewares.offsite.OffsiteMiddleware',
 'scrapy.spidermiddlewares.referer.RefererMiddleware',
 'scrapy.spidermiddlewares.urllength.UrlLengthMiddleware']
2020-12-10 18:25:01 [scrapy.middleware] INFO: Enabled item pipelines:
['Clearscrape.pipelines.PagetextPipeline']
2020-12-10 18:25:01 [scrapy.core.engine] INFO: Spider opened
2020-12-10 18:25:01 [scrapy.extensions.logstats] INFO: Crawled 0 pages (at 0 pages/min), scraped 0 items (at 0 items/min)
2020-12-10 18:25:01 [scrapy.extensions.telnet] INFO: Telnet console listening on 127.0.0.1:6023
2020-12-10 18:25:01 [root] INFO: <GET http://www.csszengarden.com>:

2020-12-10 18:25:01 [root] INFO: <GET http://www.anl.gov>:

2020-12-10 18:25:01 [root] INFO: <GET http://coar.risc.anl.gov>:

2020-12-10 18:25:01 [scrapy.extensions.throttle] INFO: slot: www.csszengarden.com | conc: 1 | delay: 1000 ms (+0) | latency:   14 ms | size:  5940 bytes
2020-12-10 18:25:01 [scrapy.extensions.throttle] INFO: slot: coar.risc.anl.gov | conc: 1 | delay: 1000 ms (+0) | latency:   11 ms | size:   317 bytes
2020-12-10 18:25:01 [scrapy.extensions.throttle] INFO: slot: www.anl.gov | conc: 1 | delay: 1000 ms (+0) | latency:   57 ms | size:   228 bytes
2020-12-10 18:25:01 [scrapy.spidermiddlewares.httperror] INFO: Ignoring response <403 http://www.csszengarden.com>: HTTP status code is not handled or not allowed
2020-12-10 18:25:01 [scrapy.spidermiddlewares.httperror] INFO: Ignoring response <301 http://coar.risc.anl.gov>: HTTP status code is not handled or not allowed
2020-12-10 18:25:01 [scrapy.spidermiddlewares.httperror] INFO: Ignoring response <301 http://www.anl.gov>: HTTP status code is not handled or not allowed
2020-12-10 18:25:01 [scrapy.core.engine] INFO: Closing spider (finished)
2020-12-10 18:25:01 [scrapy.statscollectors] INFO: Dumping Scrapy stats:
{'downloader/request_bytes': 766,
 'downloader/request_count': 3,
 'downloader/request_method_count/GET': 3,
 'downloader/response_bytes': 7252,
 'downloader/response_count': 3,
 'downloader/response_status_count/301': 2,
 'downloader/response_status_count/403': 1,
 'elapsed_time_seconds': 0.173708,
 'finish_reason': 'finished',
 'finish_time': datetime.datetime(2020, 12, 10, 18, 25, 1, 787047),
 'httperror/response_ignored_count': 3,
 'httperror/response_ignored_status_count/301': 2,
 'httperror/response_ignored_status_count/403': 1,
 'log_count/INFO': 19,
 'memusage/max': 56791040,
 'memusage/startup': 56791040,
 'response_received_count': 3,
 'scheduler/dequeued': 3,
 'scheduler/dequeued/memory': 3,
 'scheduler/enqueued': 3,
 'scheduler/enqueued/memory': 3,
 'start_time': datetime.datetime(2020, 12, 10, 18, 25, 1, 613339)}
2020-12-10 18:25:01 [scrapy.core.engine] INFO: Spider closed (finished)
2020-12-10 18:50:12 [scrapy.utils.log] INFO: Scrapy 1.8.0 started (bot: Clearscrape)
2020-12-10 18:50:12 [scrapy.utils.log] INFO: Versions: lxml 3.8.0.0, libxml2 2.9.3, cssselect 1.0.1, parsel 1.6.0, w3lib 1.22.0, Twisted 20.3.0, Python 2.7.18rc1 (default, Apr  7 2020, 12:05:55) - [GCC 9.3.0], pyOpenSSL 19.1.0 (OpenSSL 1.1.1h  22 Sep 2020), cryptography 3.1.1, Platform Linux-5.4.0-56-generic-x86_64-with-Ubuntu-20.04-focal
2020-12-10 18:50:12 [scrapy.crawler] INFO: Overridden settings: {'AUTOTHROTTLE_MAX_DELAY': 3, 'AUTOTHROTTLE_TARGET_CONCURRENCY': 2.0, 'AJAXCRAWL_ENABLED': True, 'COOKIES_ENABLED': False, 'DOWNLOAD_DELAY': 1, 'LOG_LEVEL': 'INFO', 'SPIDER_LOADER_WARN_ONLY': True, 'RETRY_ENABLED': False, 'DOWNLOAD_TIMEOUT': 60, 'DEPTH_PRIORITY': 1, 'SCHEDULER_MEMORY_QUEUE': 'scrapy.squeues.FifoMemoryQueue', 'SCHEDULER_DISK_QUEUE': 'scrapy.squeues.PickleFifoDiskQueue', 'BOT_NAME': 'Clearscrape', 'CONCURRENT_REQUESTS': 120, 'SPIDER_MODULES': ['Clearscrape.spiders'], 'AUTOTHROTTLE_START_DELAY': 0.75, 'AUTOTHROTTLE_ENABLED': True, 'TELNETCONSOLE_PORT': [6023], 'REDIRECT_ENABLED': False, 'LOG_FILE': 'roland.log', 'AUTOTHROTTLE_DEBUG': True, 'NEWSPIDER_MODULE': 'Clearscrape.spiders', 'DEPTH_LIMIT': 2, 'CONCURRENT_REQUESTS_PER_DOMAIN': 15, 'REACTOR_THREADPOOL_MAXSIZE': 20}
2020-12-10 18:50:12 [scrapy.extensions.telnet] INFO: Telnet Password: fb79d2316cf72ce3
2020-12-10 18:50:12 [scrapy.middleware] INFO: Enabled extensions:
['scrapy.extensions.memusage.MemoryUsage',
 'scrapy.extensions.logstats.LogStats',
 'scrapy.extensions.corestats.CoreStats',
 'scrapy.extensions.throttle.AutoThrottle',
 'scrapy.extensions.telnet.TelnetConsole']
2020-12-10 18:50:13 [scrapy.middleware] INFO: Enabled downloader middlewares:
['scrapy.downloadermiddlewares.httpauth.HttpAuthMiddleware',
 'scrapy.downloadermiddlewares.downloadtimeout.DownloadTimeoutMiddleware',
 'Clearscrape.middlewares.IgnoreDomainMiddleware',
 'scrapy.downloadermiddlewares.defaultheaders.DefaultHeadersMiddleware',
 'Clearscrape.middlewares.ProxyMiddleware',
 'Clearscrape.middlewares.RandomUserAgentMiddleware',
 'scrapy.downloadermiddlewares.ajaxcrawl.AjaxCrawlMiddleware',
 'scrapy.downloadermiddlewares.useragent.UserAgentMiddleware',
 'scrapy.downloadermiddlewares.redirect.MetaRefreshMiddleware',
 'scrapy.downloadermiddlewares.httpcompression.HttpCompressionMiddleware',
 'scrapy.downloadermiddlewares.httpproxy.HttpProxyMiddleware',
 'scrapy.downloadermiddlewares.stats.DownloaderStats']
2020-12-10 18:50:13 [scrapy.middleware] INFO: Enabled spider middlewares:
['scrapy.spidermiddlewares.httperror.HttpErrorMiddleware',
 'scrapy.spidermiddlewares.depth.DepthMiddleware',
 'scrapy.spidermiddlewares.offsite.OffsiteMiddleware',
 'scrapy.spidermiddlewares.referer.RefererMiddleware',
 'scrapy.spidermiddlewares.urllength.UrlLengthMiddleware']
2020-12-10 18:50:13 [scrapy.middleware] INFO: Enabled item pipelines:
['Clearscrape.pipelines.PagetextPipeline']
2020-12-10 18:50:13 [scrapy.core.engine] INFO: Spider opened
2020-12-10 18:50:13 [scrapy.extensions.logstats] INFO: Crawled 0 pages (at 0 pages/min), scraped 0 items (at 0 items/min)
2020-12-10 18:50:13 [scrapy.extensions.telnet] INFO: Telnet console listening on 127.0.0.1:6023
2020-12-10 18:50:13 [root] INFO: <GET http://www.csszengarden.com>:

2020-12-10 18:50:13 [root] INFO: <GET http://www.anl.gov>:

2020-12-10 18:50:13 [root] INFO: <GET http://coar.risc.anl.gov>:

2020-12-10 18:50:13 [scrapy.extensions.throttle] INFO: slot: coar.risc.anl.gov | conc: 1 | delay: 1000 ms (+0) | latency:    9 ms | size:   317 bytes
2020-12-10 18:50:13 [scrapy.extensions.throttle] INFO: slot: www.csszengarden.com | conc: 1 | delay: 1000 ms (+0) | latency:   19 ms | size:  5925 bytes
2020-12-10 18:50:13 [scrapy.extensions.throttle] INFO: slot: www.anl.gov | conc: 1 | delay: 1000 ms (+0) | latency:   56 ms | size:   228 bytes
2020-12-10 18:50:13 [scrapy.spidermiddlewares.httperror] INFO: Ignoring response <403 http://www.csszengarden.com>: HTTP status code is not handled or not allowed
2020-12-10 18:50:13 [root] INFO: <GET https://coar.risc.anl.gov/>:

2020-12-10 18:50:13 [root] INFO: <GET https://www.anl.gov/>:

2020-12-10 18:50:14 [scrapy.extensions.throttle] INFO: slot: www.anl.gov | conc: 1 | delay: 1000 ms (+0) | latency:  162 ms | size: 23554 bytes
2020-12-10 18:50:14 [root] INFO: <GET https://www.anl.gov/argonnes-science-and-technology>:

2020-12-10 18:50:14 [root] INFO: <GET https://www.anl.gov/research-index>:

2020-12-10 18:50:14 [root] INFO: <GET https://www.anl.gov/argonne-scientific-publications>:

2020-12-10 18:50:15 [root] INFO: <GET https://www.anl.gov/national-scientific-user-facilities>:

2020-12-10 18:50:15 [root] INFO: <GET https://www.anl.gov/collaborative-research>:

2020-12-10 18:50:15 [root] INFO: <GET https://www.anl.gov/research-organizations>:

2020-12-10 18:50:15 [root] INFO: <GET https://www.anl.gov/research-facilities>:

2020-12-10 18:50:15 [root] INFO: <GET https://www.anl.gov/research-highlights>:

2020-12-10 18:50:15 [root] INFO: <GET https://www.anl.gov/work-with-us>:

2020-12-10 18:50:15 [root] INFO: <GET https://www.anl.gov/tcp/available-for-licensing>:

2020-12-10 18:50:15 [root] INFO: <GET https://www.anl.gov/tcp/capabilities>:

2020-12-10 18:50:15 [root] INFO: <GET https://www.anl.gov/tcp/collaborative-partnerships>:

2020-12-10 18:50:15 [root] INFO: <GET https://www.anl.gov/tcp/contracts-and-agreements>:

2020-12-10 18:50:15 [root] INFO: <GET https://www.anl.gov/discovery-to-impact>:

2020-12-10 18:50:15 [root] INFO: <GET https://www.anl.gov/argonnes-economic-impact>:

2020-12-10 18:50:15 [root] INFO: <GET https://www.anl.gov/procurement>:

2020-12-10 18:50:15 [root] INFO: <GET https://www.anl.gov/argonne-in-the-community>:

2020-12-10 18:50:15 [root] INFO: <GET https://www.anl.gov/education>:

2020-12-10 18:50:15 [root] INFO: <GET https://www.anl.gov/tour-the-lab>:

2020-12-10 18:50:15 [root] INFO: <GET https://www.anl.gov/sustainability>:

2020-12-10 18:50:15 [root] INFO: <GET https://www.anl.gov/outloud-lecture-series>:

2020-12-10 18:50:15 [root] INFO: <GET https://www.anl.gov/community-leaders-roundtable>:

2020-12-10 18:50:15 [root] INFO: <GET https://www.anl.gov/speakers-bureau>:

2020-12-10 18:50:15 [root] INFO: <GET https://www.anl.gov/subscribe-to-argonne-publications>:

2020-12-10 18:50:15 [root] INFO: <GET https://www.anl.gov/argonne-national-laboratory>:

2020-12-10 18:50:15 [root] INFO: <GET https://www.anl.gov/argonnes-leadership>:

2020-12-10 18:50:15 [root] INFO: <GET https://www.anl.gov/our-core-values>:

2020-12-10 18:50:15 [root] INFO: <GET https://www.anl.gov/our-history>:

2020-12-10 18:50:15 [root] INFO: <GET https://www.anl.gov/our-commitment-to-safety>:

2020-12-10 18:50:15 [root] INFO: <GET https://www.anl.gov/hr/diversity-and-inclusion>:

2020-12-10 18:50:15 [root] INFO: <GET https://www.anl.gov/argonne-awards-recognition>:

2020-12-10 18:50:15 [root] INFO: <GET https://www.anl.gov/visiting-argonne>:

2020-12-10 18:50:15 [root] INFO: <GET https://www.anl.gov/hr/careers/>:

2020-12-10 18:50:15 [root] INFO: <GET https://www.anl.gov/news/>:

2020-12-10 18:50:15 [root] INFO: <GET https://www.anl.gov/events/>:

2020-12-10 18:50:15 [root] INFO: <GET http://apps.anl.gov/directory/>:

2020-12-10 18:50:15 [root] INFO: <GET https://www.anl.gov/coronavirus>:

2020-12-10 18:50:15 [root] INFO: <GET https://www.anl.gov/article/argonne-provides-stem-opportunities-for-more-than-800-students-during-pandemic>:

2020-12-10 18:50:15 [root] INFO: <GET https://www.anl.gov/covid-19-coronavirus>:

2020-12-10 18:50:15 [root] INFO: <GET https://www.anl.gov/article/under-wraps-xrays-reveal-1900yearold-mummys-secrets>:

2020-12-10 18:50:15 [root] INFO: <GET https://www.anl.gov/topic/science-technology/materials-science-and-engineering>:

2020-12-10 18:50:15 [root] INFO: <GET https://www.anl.gov/topic/science-technology/medical-science>:

2020-12-10 18:50:15 [root] INFO: <GET https://www.anl.gov/topic/science-technology/xray-science-and-technology>:

2020-12-10 18:50:15 [root] INFO: <GET https://www.anl.gov/article/argonne-epidemiological-supercomputing-model-showcases-innovation>:

2020-12-10 18:50:15 [root] INFO: <GET https://www.anl.gov/topic/science-technology/computational-science>:

2020-12-10 18:50:15 [root] INFO: <GET https://www.anl.gov/topic/science-technology/biomedical-computing>:

2020-12-10 18:50:15 [root] INFO: <GET https://www.anl.gov/topic/science-technology/multiscale-modeling>:

2020-12-10 18:50:15 [root] INFO: <GET https://www.anl.gov/article/battery-of-tests-scientists-figure-out-how-to-track-what-happens-inside-batteries>:

2020-12-10 18:50:15 [root] INFO: <GET https://www.anl.gov/topic/science-technology/energy-technology-and-storage>:

2020-12-10 18:50:15 [root] INFO: <GET https://www.anl.gov/topic/science-technology/batteries-and-fuel-cells>:

2020-12-10 18:50:15 [root] INFO: <GET https://www.anl.gov/topic/science-technology/energy-consumption-and-efficiency>:

2020-12-10 18:50:15 [root] INFO: <GET https://www.anl.gov/article/highimpact-research-how-meteorite-strikes-may-change-quartz-on-the-earths-surface>:

2020-12-10 18:50:15 [root] INFO: <GET https://www.anl.gov/topic/science-technology/planetary-science>:

2020-12-10 18:50:15 [root] INFO: <GET https://www.anl.gov/topic/science-technology/environmental-and-earth-science>:

2020-12-10 18:50:15 [root] INFO: <GET https://www.anl.gov/topic/science-technology/geology>:

2020-12-10 18:50:15 [root] INFO: <GET https://www.anl.gov/article/argonne-team-collects-best-paper-award-at-sc20>:

2020-12-10 18:50:15 [root] INFO: <GET https://www.anl.gov/topic/science-technology/computational-xray-science>:

2020-12-10 18:50:15 [root] INFO: <GET https://www.anl.gov/in-the-news-0>:

2020-12-10 18:50:15 [scrapy.extensions.throttle] INFO: slot: coar.risc.anl.gov | conc: 1 | delay: 1000 ms (+0) | latency:  838 ms | size:  9303 bytes
2020-12-10 18:50:15 [root] INFO: <GET https://www.alcf.anl.gov/news/alcf-data-science-program-seeks-proposals-data-and-learning-projects-1>:

2020-12-10 18:50:15 [root] INFO: <GET https://www.cnn.com/2020/11/24/africa/mummy-x-ray-technique-intl-scli-scn/index.html>:

2020-12-10 18:50:15 [root] INFO: <GET https://federalnewsnetwork.com/technology-main/2020/12/can-a-national-lab-forecast-traffic-jams-to-prevent-them-in-future/>:

2020-12-10 18:50:15 [root] INFO: <GET https://www.anl.gov/news>:

2020-12-10 18:50:15 [root] INFO: <GET https://www.anl.gov/aps>:

2020-12-10 18:50:15 [root] INFO: <GET https://www.anl.gov/alcf>:

2020-12-10 18:50:15 [root] INFO: <GET https://www.anl.gov/atlas>:

2020-12-10 18:50:15 [root] INFO: <GET https://www.anl.gov/arm>:

2020-12-10 18:50:15 [root] INFO: <GET https://www.anl.gov/cnm>:

2020-12-10 18:50:15 [root] INFO: <GET https://www.anl.gov/argonne-impacts>:

2020-12-10 18:50:15 [root] INFO: <GET https://www.anl.gov/article/argonne-national-laboratory-deploys-cerebras-cs1-the-worlds-fastest-artificial-intelligence-computer>:

2020-12-10 18:50:15 [root] INFO: <GET https://www.anl.gov/topic/science-technology/high-performance-computing>:

2020-12-10 18:50:15 [root] INFO: <GET https://www.anl.gov/topic/science-technology/artificial-intelligence>:

2020-12-10 18:50:15 [root] INFO: <GET https://www.anl.gov/cfc/article/correcting-nonlinearity-and-massbias-in-measurements-by-icp-quadrupole-mass-spectrometry>:

2020-12-10 18:50:15 [root] INFO: <GET https://www.anl.gov/topic/science-technology/analytical-chemistry>:

2020-12-10 18:50:15 [root] INFO: <GET https://www.anl.gov/article/mofs-for-methane-manipulation>:

2020-12-10 18:50:15 [root] INFO: <GET https://www.anl.gov/article/metamaterials-for-nextgeneration-accelerators>:

2020-12-10 18:50:15 [root] INFO: <GET https://www.anl.gov/topic/science-technology/accelerator-physics>:

2020-12-10 18:50:15 [root] INFO: <GET https://www.anl.gov/topic/science-technology/physics>:

2020-12-10 18:50:15 [root] INFO: <GET https://www.anl.gov/discovery-science>:

2020-12-10 18:50:15 [root] INFO: <GET https://www.anl.gov/global-security>:

2020-12-10 18:50:15 [root] INFO: <GET https://www.anl.gov/energy-research-and-development>:

2020-12-10 18:50:15 [root] INFO: <GET https://www.anl.gov/advanced-computing>:

2020-12-10 18:50:15 [root] INFO: <GET https://www.anl.gov/event-type/workshop>:

2020-12-10 18:50:15 [root] INFO: <GET https://www.anl.gov/event/2020-alcf-simulation-data-and-learning-workshop>:

2020-12-10 18:50:15 [root] INFO: <GET https://events.cels.anl.gov/e/sdl-workshop-2020>:

2020-12-10 18:50:15 [root] INFO: <GET https://www.anl.gov/event-type/seminar>:

2020-12-10 18:50:15 [root] INFO: <GET https://www.anl.gov/event/warp-jumping-in-the-molecular-universe-with-active-learning>:

2020-12-10 18:50:15 [root] INFO: <GET https://www.anl.gov/event-type/colloquium>:

2020-12-10 18:50:15 [root] INFO: <GET https://www.anl.gov/event/lowenergy-radionuclide-production-for-medical-applications>:

2020-12-10 18:50:15 [root] INFO: <GET https://www.anl.gov/event/the-radiative-width-of-the-hoyle-state-from-pair-conversion-and-protongammagamma-coincidence>:

2020-12-10 18:50:15 [root] INFO: <GET https://www.anl.gov/events>:

2020-12-10 18:50:15 [root] INFO: <GET https://twitter.com/argonne>:

2020-12-10 18:50:15 [root] INFO: <GET http://www.twitter.com/argonne>:

2020-12-10 18:50:15 [root] INFO: <GET https://www.google.com/maps/place/Argonne+National+Laboratory/@41.713136,-87.981988,15z/data=!4m5!3m4!1s0x0:0xe11fbec7b74c81b8!8m2!3d41.7183047!4d-87.978572>:

2020-12-10 18:50:15 [root] INFO: <GET https://www.flickr.com/photos/argonne>:

2020-12-10 18:50:15 [root] INFO: <GET https://www.facebook.com/pages/Argonne-National-Laboratory/40096518565>:

2020-12-10 18:50:15 [root] INFO: <GET https://www.linkedin.com/company/162510>:

2020-12-10 18:50:15 [root] INFO: <GET https://www.youtube.com/user/ArgonneNationalLab>:

2020-12-10 18:50:15 [root] INFO: <GET https://www.instagram.com/argonne>:

2020-12-10 18:50:15 [root] INFO: <GET https://www.anl.gov/hr/argonne-career-and-internship-opportunities>:

2020-12-10 18:50:15 [scrapy.extensions.throttle] INFO: slot: apps.anl.gov | conc: 1 | delay: 1000 ms (+0) | latency:  248 ms | size:     0 bytes
2020-12-10 18:50:15 [root] INFO: <GET https://www.anl.gov/contact-us>:

2020-12-10 18:50:15 [root] INFO: <GET https://www.anl.gov/become-a-user>:

2020-12-10 18:50:15 [root] INFO: <GET https://www.anl.gov/tcp/commercialization-programs>:

2020-12-10 18:50:15 [root] INFO: <GET https://www.anl.gov/education/visiting-student-program-for-graduate-students>:

2020-12-10 18:50:15 [root] INFO: <GET https://www.anl.gov/hr/postdoctoral-applicants>:

2020-12-10 18:50:15 [root] INFO: <GET https://www.anl.gov/nsp>:

2020-12-10 18:50:15 [root] INFO: <GET https://www.anl.gov/manufacturing>:

2020-12-10 18:50:15 [root] INFO: <GET http://access.anl.gov>:

2020-12-10 18:50:15 [root] INFO: <GET https://www.anl.gov/tcp/entrepreneurial-ventures>:

2020-12-10 18:50:15 [root] INFO: <GET https://www.anl.gov/tcp/meet-our-team>:

2020-12-10 18:50:15 [root] INFO: <GET https://www.anl.gov/argonnenow-magazine>:

2020-12-10 18:50:15 [root] INFO: <GET https://www.anl.gov/feature-stories>:

2020-12-10 18:50:15 [root] INFO: <GET https://www.anl.gov/in-the-news>:

2020-12-10 18:50:15 [root] INFO: <GET https://www.anl.gov/press-releases>:

2020-12-10 18:50:15 [root] INFO: <GET https://www.anl.gov/press-and-media-inquiries>:

2020-12-10 18:50:15 [root] INFO: <GET http://www.uchicagoargonnellc.org/>:

2020-12-10 18:50:15 [root] INFO: <GET http://energy.gov/>:

2020-12-10 18:50:15 [root] INFO: <GET http://science.energy.gov/>:

2020-12-10 18:50:15 [root] INFO: <GET https://www.anl.gov/privacy-security-notice>:

2020-12-10 18:50:15 [root] INFO: <GET https://www.anl.gov/for-employees>:

2020-12-10 18:50:15 [root] INFO: <GET http://www.anl.gov>:

2020-12-10 18:50:15 [root] INFO: <GET https://coar.risc.anl.gov/aboutcoar/>:

2020-12-10 18:50:15 [scrapy.extensions.throttle] INFO: slot: www.twitter.com | conc: 1 | delay: 1000 ms (+0) | latency:  150 ms | size:  5929 bytes
2020-12-10 18:50:15 [root] INFO: <GET https://coar.risc.anl.gov/partners/>:

2020-12-10 18:50:15 [scrapy.extensions.throttle] INFO: slot: access.anl.gov | conc: 1 | delay: 1000 ms (+0) | latency:   82 ms | size:     0 bytes
2020-12-10 18:50:15 [root] INFO: <GET https://coar.risc.anl.gov/research/>:

2020-12-10 18:50:15 [scrapy.spidermiddlewares.httperror] INFO: Ignoring response <302 http://apps.anl.gov/directory/>: HTTP status code is not handled or not allowed
2020-12-10 18:50:15 [scrapy.extensions.throttle] INFO: slot: www.facebook.com | conc: 1 | delay: 1000 ms (+0) | latency:  161 ms | size:     0 bytes
2020-12-10 18:50:15 [scrapy.extensions.throttle] INFO: slot: www.uchicagoargonnellc.org | conc: 1 | delay: 1000 ms (+0) | latency:   98 ms | size:  5891 bytes
2020-12-10 18:50:15 [root] INFO: <GET https://coar.risc.anl.gov/recent-news/>:

2020-12-10 18:50:15 [root] INFO: <GET https://coar.risc.anl.gov/resources/>:

2020-12-10 18:50:15 [scrapy.extensions.throttle] INFO: slot: energy.gov | conc: 1 | delay: 1000 ms (+0) | latency:  126 ms | size:  5867 bytes
2020-12-10 18:50:15 [scrapy.extensions.throttle] INFO: slot: events.cels.anl.gov | conc: 1 | delay: 1000 ms (+0) | latency:  244 ms | size:   227 bytes
2020-12-10 18:50:15 [scrapy.extensions.throttle] INFO: slot: science.energy.gov | conc: 1 | delay: 1000 ms (+0) | latency:  127 ms | size:  5879 bytes
2020-12-10 18:50:15 [root] INFO: <GET https://coar.risc.anl.gov/resources/cybersecurity-training-course-materials/>:

2020-12-10 18:50:15 [root] INFO: <GET https://coar.risc.anl.gov/careers/>:

2020-12-10 18:50:15 [root] INFO: <GET https://coar.risc.anl.gov/student-program/>:

2020-12-10 18:50:15 [scrapy.spidermiddlewares.httperror] INFO: Ignoring response <403 http://www.twitter.com/argonne>: HTTP status code is not handled or not allowed
2020-12-10 18:50:15 [scrapy.extensions.throttle] INFO: slot: federalnewsnetwork.com | conc: 1 | delay: 1000 ms (+0) | latency:  307 ms | size:171409 bytes
2020-12-10 18:50:15 [root] INFO: <GET https://coar.risc.anl.gov/student-program/summer-2017-projects/>:

2020-12-10 18:50:15 [scrapy.extensions.throttle] INFO: slot: www.instagram.com | conc: 1 | delay: 1000 ms (+0) | latency:  209 ms | size:     0 bytes
2020-12-10 18:50:15 [root] INFO: <GET https://coar.risc.anl.gov/opportunities-at-argonne>:

2020-12-10 18:50:15 [scrapy.extensions.throttle] INFO: slot: www.linkedin.com | conc: 1 | delay: 1000 ms (+0) | latency:  234 ms | size:     0 bytes
2020-12-10 18:50:15 [root] INFO: <GET https://coar.risc.anl.gov/cloud>:

2020-12-10 18:50:15 [scrapy.spidermiddlewares.httperror] INFO: Ignoring response <302 http://access.anl.gov>: HTTP status code is not handled or not allowed
2020-12-10 18:50:15 [scrapy.spidermiddlewares.httperror] INFO: Ignoring response <302 https://www.facebook.com/pages/Argonne-National-Laboratory/40096518565>: HTTP status code is not handled or not allowed
2020-12-10 18:50:15 [scrapy.spidermiddlewares.httperror] INFO: Ignoring response <403 http://www.uchicagoargonnellc.org/>: HTTP status code is not handled or not allowed
2020-12-10 18:50:15 [scrapy.spidermiddlewares.httperror] INFO: Ignoring response <403 http://energy.gov/>: HTTP status code is not handled or not allowed
2020-12-10 18:50:15 [scrapy.spidermiddlewares.httperror] INFO: Ignoring response <302 https://events.cels.anl.gov/e/sdl-workshop-2020>: HTTP status code is not handled or not allowed
2020-12-10 18:50:15 [scrapy.spidermiddlewares.httperror] INFO: Ignoring response <403 http://science.energy.gov/>: HTTP status code is not handled or not allowed
2020-12-10 18:50:15 [scrapy.extensions.throttle] INFO: slot: www.anl.gov | conc: 1 | delay: 1000 ms (+0) | latency:   76 ms | size: 21907 bytes
2020-12-10 18:50:15 [root] INFO: <GET https://coar.risc.anl.gov/ashburn>:

2020-12-10 18:50:15 [scrapy.extensions.throttle] INFO: slot: twitter.com | conc: 1 | delay: 1000 ms (+0) | latency:  493 ms | size: 13679 bytes
2020-12-10 18:50:15 [root] INFO: <GET https://coar.risc.anl.gov/research/more-mtd/>:

2020-12-10 18:50:15 [scrapy.extensions.throttle] INFO: slot: www.cnn.com | conc: 1 | delay: 1000 ms (+0) | latency:  552 ms | size:152389 bytes
2020-12-10 18:50:15 [root] INFO: <GET http://www.gss.anl.gov>:

2020-12-10 18:50:15 [scrapy.extensions.throttle] INFO: slot: www.flickr.com | conc: 1 | delay: 1000 ms (+0) | latency:  575 ms | size: 83239 bytes
2020-12-10 18:50:15 [root] INFO: <GET http://www.gss.anl.gov/center-for-risk-and-infrastructure-sciences-overview/>:

2020-12-10 18:50:15 [scrapy.extensions.throttle] INFO: slot: www.youtube.com | conc: 1 | delay: 1000 ms (+0) | latency:  559 ms | size:107572 bytes
2020-12-10 18:50:15 [root] INFO: <GET https://coar-staging.risc.anl.gov/recent-news/>:

2020-12-10 18:50:16 [scrapy.extensions.throttle] INFO: slot: coar.risc.anl.gov | conc: 1 | delay: 1000 ms (+0) | latency:  614 ms | size: 10850 bytes
2020-12-10 18:50:16 [root] INFO: <GET https://coar.risc.anl.gov/department-of-energys-annual-cyber-defense-competition/>:

2020-12-10 18:50:16 [scrapy.extensions.throttle] INFO: slot: www.gss.anl.gov | conc: 1 | delay: 1000 ms (+0) | latency:  230 ms | size:   202 bytes
2020-12-10 18:50:16 [root] INFO: <GET https://coar.risc.anl.gov/meltdown-spectre-and-speculative-execution-oh-my/>:

2020-12-10 18:50:16 [scrapy.spidermiddlewares.httperror] INFO: Ignoring response <403 http://www.gss.anl.gov>: HTTP status code is not handled or not allowed
2020-12-10 18:50:16 [scrapy.extensions.throttle] INFO: slot: www.alcf.anl.gov | conc: 1 | delay: 1000 ms (+0) | latency: 1566 ms | size: 19239 bytes
2020-12-10 18:50:16 [root] INFO: <GET https://spectreattack.com/>:

2020-12-10 18:50:17 [scrapy.extensions.throttle] INFO: slot: www.anl.gov | conc: 1 | delay: 1000 ms (+0) | latency:   67 ms | size: 22476 bytes
2020-12-10 18:50:17 [root] INFO: <GET https://coar.risc.anl.gov/new-year-new-cyber-me/>:

2020-12-10 18:50:17 [scrapy.extensions.throttle] INFO: slot: coar.risc.anl.gov | conc: 1 | delay: 1000 ms (+0) | latency: 1249 ms | size:  8462 bytes
2020-12-10 18:50:17 [root] INFO: <GET http://ieeexplore.ieee.org/stamp/stamp.jsp?arnumber=6900086>:

2020-12-10 18:50:17 [scrapy.extensions.throttle] INFO: slot: www.google.com | conc: 1 | delay: 1000 ms (+0) | latency: 1720 ms | size:152358 bytes
2020-12-10 18:50:17 [root] INFO: <GET http://ieeexplore.ieee.org/xpls/icp.jsp?arnumber=6900086>:

2020-12-10 18:50:17 [scrapy.extensions.throttle] INFO: slot: www.gss.anl.gov | conc: 1 | delay: 1000 ms (+0) | latency:   33 ms | size:   255 bytes
2020-12-10 18:50:17 [root] INFO: <GET https://wordpress.org>:

2020-12-10 18:50:17 [scrapy.extensions.throttle] INFO: slot: wordpress.org | conc: 1 | delay: 1000 ms (+0) | latency:   38 ms | size:  9109 bytes
2020-12-10 18:50:17 [root] INFO: <GET https://themegrill.com/themes/accelerate>:

2020-12-10 18:50:17 [scrapy.extensions.throttle] INFO: slot: ieeexplore.ieee.org | conc: 1 | delay: 1000 ms (+0) | latency:  106 ms | size:  6004 bytes
2020-12-10 18:50:17 [scrapy.spidermiddlewares.httperror] INFO: Ignoring response <403 http://www.gss.anl.gov/center-for-risk-and-infrastructure-sciences-overview/>: HTTP status code is not handled or not allowed
2020-12-10 18:50:17 [scrapy.spidermiddlewares.httperror] INFO: Ignoring response <403 http://ieeexplore.ieee.org/stamp/stamp.jsp?arnumber=6900086>: HTTP status code is not handled or not allowed
2020-12-10 18:50:17 [scrapy.extensions.throttle] INFO: slot: themegrill.com | conc: 1 | delay: 1000 ms (+0) | latency:  202 ms | size: 22383 bytes
2020-12-10 18:50:18 [scrapy.extensions.throttle] INFO: slot: spectreattack.com | conc: 1 | delay: 1000 ms (+0) | latency: 1314 ms | size:  8112 bytes
2020-12-10 18:50:18 [scrapy.extensions.throttle] INFO: slot: coar.risc.anl.gov | conc: 1 | delay: 1000 ms (+0) | latency:  730 ms | size:  9349 bytes
2020-12-10 18:50:18 [scrapy.extensions.throttle] INFO: slot: www.anl.gov | conc: 1 | delay: 1000 ms (+0) | latency:   61 ms | size: 18613 bytes
2020-12-10 18:50:19 [scrapy.extensions.throttle] INFO: slot: ieeexplore.ieee.org | conc: 1 | delay: 1000 ms (+0) | latency:    5 ms | size:  5998 bytes
2020-12-10 18:50:19 [scrapy.spidermiddlewares.httperror] INFO: Ignoring response <403 http://ieeexplore.ieee.org/xpls/icp.jsp?arnumber=6900086>: HTTP status code is not handled or not allowed
2020-12-10 18:50:19 [scrapy.extensions.throttle] INFO: slot: coar.risc.anl.gov | conc: 1 | delay: 1000 ms (+0) | latency:  883 ms | size: 13691 bytes
2020-12-10 18:50:20 [scrapy.extensions.throttle] INFO: slot: www.anl.gov | conc: 1 | delay: 1000 ms (+0) | latency:   69 ms | size: 20480 bytes
2020-12-10 18:50:20 [scrapy.extensions.throttle] INFO: slot: coar.risc.anl.gov | conc: 1 | delay: 1000 ms (+0) | latency:  628 ms | size: 10449 bytes
2020-12-10 18:50:20 [scrapy.extensions.throttle] INFO: slot: www.anl.gov | conc: 1 | delay: 1000 ms (+0) | latency:   59 ms | size: 23212 bytes
2020-12-10 18:50:20 [scrapy.core.scraper] ERROR: Error processing 
Traceback (most recent call last):
  File "/root/.local/lib/python2.7/site-packages/twisted/internet/defer.py", line 654, in _runCallbacks
    current.result = callback(current.result, *args, **kw)
  File "/projects/78d53950-4f33-422e-b507-8000bdd67fb6/torantula/Torantula/Clearscrape/Clearscrape/pipelines.py", line 129, in process_item
    self.write_text(text, url, links)
  File "/projects/78d53950-4f33-422e-b507-8000bdd67fb6/torantula/Torantula/Clearscrape/Clearscrape/pipelines.py", line 92, in write_text
    l.write(link + '\n')
UnicodeEncodeError: 'ascii' codec can't encode character u'\u200b' in position 0: ordinal not in range(128)
2020-12-10 18:50:22 [scrapy.extensions.throttle] INFO: slot: coar.risc.anl.gov | conc: 1 | delay: 1000 ms (+0) | latency:  560 ms | size:  7738 bytes
2020-12-10 18:50:22 [scrapy.extensions.throttle] INFO: slot: www.anl.gov | conc: 1 | delay: 1000 ms (+0) | latency:   64 ms | size: 18902 bytes
2020-12-10 18:50:23 [scrapy.extensions.throttle] INFO: slot: www.anl.gov | conc: 1 | delay: 1000 ms (+0) | latency:   59 ms | size: 20945 bytes
2020-12-10 18:50:23 [scrapy.extensions.throttle] INFO: slot: coar.risc.anl.gov | conc: 1 | delay: 1000 ms (+0) | latency:  824 ms | size:  9761 bytes
2020-12-10 18:50:24 [scrapy.extensions.throttle] INFO: slot: www.anl.gov | conc: 1 | delay: 1000 ms (+0) | latency:   60 ms | size: 20750 bytes
2020-12-10 18:50:25 [scrapy.extensions.throttle] INFO: slot: coar.risc.anl.gov | conc: 1 | delay: 1000 ms (+0) | latency:  842 ms | size:  9000 bytes
2020-12-10 18:50:25 [scrapy.extensions.throttle] INFO: slot: www.anl.gov | conc: 1 | delay: 1000 ms (+0) | latency:   59 ms | size: 19294 bytes
2020-12-10 18:50:26 [scrapy.extensions.throttle] INFO: slot: coar.risc.anl.gov | conc: 1 | delay: 1000 ms (+0) | latency:  633 ms | size:  8219 bytes
2020-12-10 18:50:26 [scrapy.extensions.throttle] INFO: slot: coar.risc.anl.gov | conc: 1 | delay: 1000 ms (+0) | latency:  343 ms | size:     0 bytes
2020-12-10 18:50:26 [scrapy.extensions.throttle] INFO: slot: www.anl.gov | conc: 1 | delay: 1000 ms (+0) | latency:   60 ms | size: 20071 bytes
2020-12-10 18:50:27 [scrapy.extensions.throttle] INFO: slot: coar.risc.anl.gov | conc: 1 | delay: 1000 ms (+0) | latency:   35 ms | size:   324 bytes
2020-12-10 18:50:28 [scrapy.extensions.throttle] INFO: slot: www.anl.gov | conc: 1 | delay: 1000 ms (+0) | latency:   60 ms | size: 19930 bytes
2020-12-10 18:50:29 [scrapy.extensions.throttle] INFO: slot: www.anl.gov | conc: 1 | delay: 1000 ms (+0) | latency:   59 ms | size: 20236 bytes
2020-12-10 18:50:30 [scrapy.extensions.throttle] INFO: slot: coar.risc.anl.gov | conc: 1 | delay: 1000 ms (+0) | latency:  855 ms | size: 13453 bytes
2020-12-10 18:50:30 [scrapy.extensions.throttle] INFO: slot: www.anl.gov | conc: 1 | delay: 1000 ms (+0) | latency:   58 ms | size: 18446 bytes
2020-12-10 18:50:31 [scrapy.extensions.throttle] INFO: slot: coar.risc.anl.gov | conc: 1 | delay: 1000 ms (+0) | latency:  604 ms | size: 16344 bytes
2020-12-10 18:50:32 [scrapy.extensions.throttle] INFO: slot: coar.risc.anl.gov | conc: 1 | delay: 1000 ms (+0) | latency:  567 ms | size: 10933 bytes
2020-12-10 18:50:32 [scrapy.extensions.throttle] INFO: slot: www.anl.gov | conc: 1 | delay: 1000 ms (+0) | latency:  957 ms | size: 30451 bytes
2020-12-10 18:50:33 [scrapy.extensions.throttle] INFO: slot: www.anl.gov | conc: 1 | delay: 1000 ms (+0) | latency:   35 ms | size: 20548 bytes
2020-12-10 18:50:33 [scrapy.extensions.throttle] INFO: slot: coar.risc.anl.gov | conc: 1 | delay: 1000 ms (+0) | latency:  564 ms | size: 10498 bytes
2020-12-10 18:50:34 [scrapy.extensions.throttle] INFO: slot: www.anl.gov | conc: 1 | delay: 1000 ms (+0) | latency:   60 ms | size: 19247 bytes
2020-12-10 18:50:35 [scrapy.extensions.throttle] INFO: slot: coar.risc.anl.gov | conc: 1 | delay: 1000 ms (+0) | latency:  799 ms | size: 10238 bytes
2020-12-10 18:50:35 [scrapy.extensions.throttle] INFO: slot: www.anl.gov | conc: 1 | delay: 1000 ms (+0) | latency:   59 ms | size: 20991 bytes
2020-12-10 18:50:36 [scrapy.extensions.throttle] INFO: slot: www.anl.gov | conc: 1 | delay: 1000 ms (+0) | latency:   59 ms | size: 23976 bytes
2020-12-10 18:50:36 [scrapy.core.scraper] WARNING: Dropped: DOWNLOAD FROM: www.anl.gov

2020-12-10 18:50:38 [scrapy.extensions.throttle] INFO: slot: www.anl.gov | conc: 1 | delay: 1000 ms (+0) | latency:   59 ms | size: 18632 bytes
2020-12-10 18:50:38 [scrapy.core.scraper] WARNING: Dropped: DOWNLOAD FROM: www.anl.gov

2020-12-10 18:50:39 [scrapy.extensions.throttle] INFO: slot: www.anl.gov | conc: 1 | delay: 1000 ms (+0) | latency:   58 ms | size: 20727 bytes
2020-12-10 18:50:39 [scrapy.core.scraper] WARNING: Dropped: DOWNLOAD FROM: www.anl.gov

2020-12-10 18:50:40 [scrapy.extensions.throttle] INFO: slot: coar-staging.risc.anl.gov | conc: 1 | delay: 3000 ms (+2000) | latency:24342 ms | size: 13291 bytes
2020-12-10 18:50:40 [scrapy.extensions.throttle] INFO: slot: www.anl.gov | conc: 1 | delay: 1000 ms (+0) | latency:   67 ms | size: 19565 bytes
2020-12-10 18:50:40 [scrapy.core.scraper] WARNING: Dropped: DOWNLOAD FROM: www.anl.gov

2020-12-10 18:50:41 [scrapy.extensions.throttle] INFO: slot: www.anl.gov | conc: 1 | delay: 1000 ms (+0) | latency:   60 ms | size: 17291 bytes
2020-12-10 18:50:42 [scrapy.core.scraper] WARNING: Dropped: DOWNLOAD FROM: www.anl.gov

2020-12-10 18:50:43 [scrapy.extensions.throttle] INFO: slot: www.anl.gov | conc: 1 | delay: 1000 ms (+0) | latency:   59 ms | size: 17378 bytes
2020-12-10 18:50:43 [scrapy.core.scraper] WARNING: Dropped: DOWNLOAD FROM: www.anl.gov

2020-12-10 18:50:44 [scrapy.extensions.throttle] INFO: slot: www.anl.gov | conc: 1 | delay: 1000 ms (+0) | latency:   59 ms | size: 18703 bytes
2020-12-10 18:50:44 [scrapy.core.scraper] WARNING: Dropped: DOWNLOAD FROM: www.anl.gov

2020-12-10 18:50:45 [scrapy.extensions.throttle] INFO: slot: www.anl.gov | conc: 1 | delay: 1000 ms (+0) | latency:   59 ms | size: 23014 bytes
2020-12-10 18:50:45 [scrapy.core.scraper] WARNING: Dropped: DOWNLOAD FROM: www.anl.gov

2020-12-10 18:50:47 [scrapy.extensions.throttle] INFO: slot: www.anl.gov | conc: 1 | delay: 1000 ms (+0) | latency:   60 ms | size: 23931 bytes
2020-12-10 18:50:47 [scrapy.core.scraper] WARNING: Dropped: DOWNLOAD FROM: www.anl.gov

2020-12-10 18:50:48 [scrapy.extensions.throttle] INFO: slot: www.anl.gov | conc: 1 | delay: 1000 ms (+0) | latency:   60 ms | size: 20127 bytes
2020-12-10 18:50:48 [scrapy.core.scraper] WARNING: Dropped: DOWNLOAD FROM: www.anl.gov

2020-12-10 18:50:49 [scrapy.extensions.throttle] INFO: slot: www.anl.gov | conc: 1 | delay: 1000 ms (+0) | latency:   59 ms | size: 22903 bytes
2020-12-10 18:50:50 [scrapy.core.scraper] WARNING: Dropped: DOWNLOAD FROM: www.anl.gov

2020-12-10 18:50:50 [scrapy.extensions.throttle] INFO: slot: www.anl.gov | conc: 1 | delay: 1000 ms (+0) | latency:   59 ms | size: 20202 bytes
2020-12-10 18:50:50 [scrapy.core.scraper] WARNING: Dropped: DOWNLOAD FROM: www.anl.gov

2020-12-10 18:50:51 [scrapy.extensions.throttle] INFO: slot: www.anl.gov | conc: 1 | delay: 1000 ms (+0) | latency:   59 ms | size: 21313 bytes
2020-12-10 18:50:51 [scrapy.core.scraper] WARNING: Dropped: DOWNLOAD FROM: www.anl.gov

2020-12-10 18:50:53 [scrapy.extensions.throttle] INFO: slot: www.anl.gov | conc: 1 | delay: 1000 ms (+0) | latency:   59 ms | size: 23240 bytes
2020-12-10 18:50:53 [scrapy.core.scraper] WARNING: Dropped: DOWNLOAD FROM: www.anl.gov

2020-12-10 18:50:54 [scrapy.extensions.throttle] INFO: slot: www.anl.gov | conc: 1 | delay: 1000 ms (+0) | latency:   59 ms | size: 21787 bytes
2020-12-10 18:50:54 [scrapy.core.scraper] WARNING: Dropped: DOWNLOAD FROM: www.anl.gov

2020-12-10 18:50:55 [scrapy.extensions.throttle] INFO: slot: www.anl.gov | conc: 1 | delay: 1000 ms (+0) | latency:   59 ms | size:  9001 bytes
2020-12-10 18:50:55 [scrapy.core.scraper] WARNING: Dropped: DOWNLOAD FROM: www.anl.gov

2020-12-10 18:50:56 [scrapy.extensions.throttle] INFO: slot: www.anl.gov | conc: 1 | delay: 1000 ms (+0) | latency:   59 ms | size:  8977 bytes
2020-12-10 18:50:57 [scrapy.core.scraper] WARNING: Dropped: DOWNLOAD FROM: www.anl.gov

2020-12-10 18:50:58 [scrapy.extensions.throttle] INFO: slot: www.anl.gov | conc: 1 | delay: 1000 ms (+0) | latency:   62 ms | size:   210 bytes
2020-12-10 18:50:58 [scrapy.spidermiddlewares.httperror] INFO: Ignoring response <302 https://www.anl.gov/events/>: HTTP status code is not handled or not allowed
2020-12-10 18:50:59 [scrapy.extensions.throttle] INFO: slot: www.anl.gov | conc: 1 | delay: 1000 ms (+0) | latency:   70 ms | size: 25893 bytes
2020-12-10 18:51:00 [scrapy.core.scraper] WARNING: Dropped: DOWNLOAD FROM: www.anl.gov

2020-12-10 18:51:01 [scrapy.extensions.throttle] INFO: slot: www.anl.gov | conc: 1 | delay: 1000 ms (+0) | latency:   61 ms | size: 26835 bytes
2020-12-10 18:51:01 [scrapy.core.scraper] WARNING: Dropped: DOWNLOAD FROM: www.anl.gov

2020-12-10 18:51:02 [scrapy.extensions.throttle] INFO: slot: www.anl.gov | conc: 1 | delay: 1000 ms (+0) | latency:   60 ms | size: 24147 bytes
2020-12-10 18:51:02 [scrapy.core.scraper] WARNING: Dropped: DOWNLOAD FROM: www.anl.gov

2020-12-10 18:51:03 [scrapy.extensions.throttle] INFO: slot: www.anl.gov | conc: 1 | delay: 1000 ms (+0) | latency:   60 ms | size: 24124 bytes
2020-12-10 18:51:03 [scrapy.core.scraper] WARNING: Dropped: DOWNLOAD FROM: www.anl.gov

2020-12-10 18:51:06 [scrapy.extensions.throttle] INFO: slot: www.anl.gov | conc: 2 | delay: 1000 ms (+0) | latency: 1699 ms | size: 18742 bytes
2020-12-10 18:51:06 [scrapy.core.scraper] WARNING: Dropped: DOWNLOAD FROM: www.anl.gov

2020-12-10 18:51:07 [scrapy.extensions.throttle] INFO: slot: www.anl.gov | conc: 2 | delay: 1000 ms (+0) | latency: 1596 ms | size: 18902 bytes
2020-12-10 18:51:07 [scrapy.core.scraper] WARNING: Dropped: DOWNLOAD FROM: www.anl.gov

2020-12-10 18:51:08 [scrapy.extensions.throttle] INFO: slot: www.anl.gov | conc: 1 | delay: 1000 ms (+0) | latency:  743 ms | size: 18697 bytes
2020-12-10 18:51:08 [scrapy.core.scraper] WARNING: Dropped: DOWNLOAD FROM: www.anl.gov

2020-12-10 18:51:08 [scrapy.extensions.throttle] INFO: slot: www.anl.gov | conc: 1 | delay: 1000 ms (+0) | latency:   61 ms | size: 21197 bytes
2020-12-10 18:51:08 [scrapy.core.scraper] WARNING: Dropped: DOWNLOAD FROM: www.anl.gov

2020-12-10 18:51:10 [scrapy.extensions.throttle] INFO: slot: www.anl.gov | conc: 1 | delay: 1000 ms (+0) | latency: 1370 ms | size: 19405 bytes
2020-12-10 18:51:10 [scrapy.core.scraper] WARNING: Dropped: DOWNLOAD FROM: www.anl.gov

2020-12-10 18:51:11 [scrapy.extensions.throttle] INFO: slot: www.anl.gov | conc: 1 | delay: 1000 ms (+0) | latency:  687 ms | size: 18896 bytes
2020-12-10 18:51:11 [scrapy.core.scraper] WARNING: Dropped: DOWNLOAD FROM: www.anl.gov

2020-12-10 18:51:12 [scrapy.extensions.throttle] INFO: slot: www.anl.gov | conc: 1 | delay: 1000 ms (+0) | latency:  784 ms | size: 19796 bytes
2020-12-10 18:51:12 [scrapy.core.scraper] WARNING: Dropped: DOWNLOAD FROM: www.anl.gov

2020-12-10 18:51:13 [scrapy.extensions.logstats] INFO: Crawled 92 pages (at 92 pages/min), scraped 47 items (at 47 items/min)
2020-12-10 18:51:13 [scrapy.extensions.throttle] INFO: slot: www.anl.gov | conc: 1 | delay: 1000 ms (+0) | latency:   60 ms | size: 24405 bytes
2020-12-10 18:51:13 [scrapy.core.scraper] WARNING: Dropped: DOWNLOAD FROM: www.anl.gov

2020-12-10 18:51:15 [scrapy.extensions.throttle] INFO: slot: www.anl.gov | conc: 1 | delay: 1000 ms (+0) | latency:  988 ms | size: 18926 bytes
2020-12-10 18:51:15 [scrapy.core.scraper] WARNING: Dropped: DOWNLOAD FROM: www.anl.gov

2020-12-10 18:51:17 [scrapy.extensions.throttle] INFO: slot: www.anl.gov | conc: 2 | delay: 1000 ms (+0) | latency: 1281 ms | size: 18243 bytes
2020-12-10 18:51:17 [scrapy.core.scraper] WARNING: Dropped: DOWNLOAD FROM: www.anl.gov

2020-12-10 18:51:17 [scrapy.extensions.throttle] INFO: slot: www.anl.gov | conc: 1 | delay: 1000 ms (+0) | latency: 1006 ms | size: 19252 bytes
2020-12-10 18:51:17 [scrapy.core.scraper] WARNING: Dropped: DOWNLOAD FROM: www.anl.gov

2020-12-10 18:51:18 [scrapy.extensions.throttle] INFO: slot: www.anl.gov | conc: 1 | delay: 1000 ms (+0) | latency:   59 ms | size: 22505 bytes
2020-12-10 18:51:18 [scrapy.core.scraper] WARNING: Dropped: DOWNLOAD FROM: www.anl.gov

2020-12-10 18:51:20 [scrapy.extensions.throttle] INFO: slot: www.anl.gov | conc: 2 | delay: 1000 ms (+0) | latency: 1118 ms | size: 18330 bytes
2020-12-10 18:51:20 [scrapy.core.scraper] WARNING: Dropped: DOWNLOAD FROM: www.anl.gov

2020-12-10 18:51:20 [scrapy.extensions.throttle] INFO: slot: www.anl.gov | conc: 1 | delay: 1000 ms (+0) | latency: 1000 ms | size: 18639 bytes
2020-12-10 18:51:21 [scrapy.core.scraper] WARNING: Dropped: DOWNLOAD FROM: www.anl.gov

2020-12-10 18:51:22 [scrapy.extensions.throttle] INFO: slot: www.anl.gov | conc: 2 | delay: 1000 ms (+0) | latency: 1346 ms | size: 18440 bytes
2020-12-10 18:51:22 [scrapy.extensions.throttle] INFO: slot: www.anl.gov | conc: 1 | delay: 1000 ms (+0) | latency:   73 ms | size: 22728 bytes
2020-12-10 18:51:22 [scrapy.core.scraper] WARNING: Dropped: DOWNLOAD FROM: www.anl.gov

2020-12-10 18:51:22 [scrapy.core.scraper] WARNING: Dropped: DOWNLOAD FROM: www.anl.gov

2020-12-10 18:51:24 [scrapy.extensions.throttle] INFO: slot: www.anl.gov | conc: 1 | delay: 1000 ms (+0) | latency:  933 ms | size: 17841 bytes
2020-12-10 18:51:24 [scrapy.core.scraper] WARNING: Dropped: DOWNLOAD FROM: www.anl.gov

2020-12-10 18:51:26 [scrapy.extensions.throttle] INFO: slot: www.anl.gov | conc: 1 | delay: 1000 ms (+0) | latency: 1123 ms | size: 17825 bytes
2020-12-10 18:51:26 [scrapy.core.scraper] WARNING: Dropped: DOWNLOAD FROM: www.anl.gov

2020-12-10 18:51:26 [scrapy.extensions.throttle] INFO: slot: www.anl.gov | conc: 1 | delay: 1000 ms (+0) | latency:   59 ms | size: 27636 bytes
2020-12-10 18:51:26 [scrapy.core.scraper] WARNING: Dropped: DOWNLOAD FROM: www.anl.gov

2020-12-10 18:51:28 [scrapy.extensions.throttle] INFO: slot: www.anl.gov | conc: 1 | delay: 1000 ms (+0) | latency:   58 ms | size:   208 bytes
2020-12-10 18:51:28 [scrapy.spidermiddlewares.httperror] INFO: Ignoring response <302 https://www.anl.gov/aps>: HTTP status code is not handled or not allowed
2020-12-10 18:51:29 [scrapy.extensions.throttle] INFO: slot: www.anl.gov | conc: 1 | delay: 1000 ms (+0) | latency:   62 ms | size:   209 bytes
2020-12-10 18:51:29 [scrapy.spidermiddlewares.httperror] INFO: Ignoring response <302 https://www.anl.gov/alcf>: HTTP status code is not handled or not allowed
2020-12-10 18:51:30 [scrapy.extensions.throttle] INFO: slot: www.anl.gov | conc: 1 | delay: 1000 ms (+0) | latency:   61 ms | size: 23668 bytes
2020-12-10 18:51:30 [scrapy.core.scraper] WARNING: Dropped: DOWNLOAD FROM: www.anl.gov

2020-12-10 18:51:31 [scrapy.extensions.throttle] INFO: slot: www.anl.gov | conc: 1 | delay: 1000 ms (+0) | latency:   58 ms | size:   258 bytes
2020-12-10 18:51:31 [scrapy.core.scraper] WARNING: Dropped: DOWNLOAD FROM: www.anl.gov

2020-12-10 18:51:33 [scrapy.extensions.throttle] INFO: slot: www.anl.gov | conc: 1 | delay: 1000 ms (+0) | latency:  100 ms | size: 24491 bytes
2020-12-10 18:51:33 [scrapy.core.scraper] WARNING: Dropped: DOWNLOAD FROM: www.anl.gov

2020-12-10 18:51:34 [scrapy.extensions.throttle] INFO: slot: www.anl.gov | conc: 1 | delay: 1000 ms (+0) | latency:   87 ms | size: 29394 bytes
2020-12-10 18:51:34 [scrapy.core.scraper] WARNING: Dropped: DOWNLOAD FROM: www.anl.gov

2020-12-10 18:51:36 [scrapy.extensions.throttle] INFO: slot: www.anl.gov | conc: 2 | delay: 1000 ms (+0) | latency: 1080 ms | size: 22836 bytes
2020-12-10 18:51:36 [scrapy.core.scraper] WARNING: Dropped: DOWNLOAD FROM: www.anl.gov

2020-12-10 18:51:36 [scrapy.extensions.throttle] INFO: slot: www.anl.gov | conc: 1 | delay: 1000 ms (+0) | latency:  727 ms | size: 18727 bytes
2020-12-10 18:51:37 [scrapy.core.scraper] WARNING: Dropped: DOWNLOAD FROM: www.anl.gov

2020-12-10 18:51:38 [scrapy.extensions.throttle] INFO: slot: www.anl.gov | conc: 1 | delay: 1000 ms (+0) | latency:  642 ms | size: 18576 bytes
2020-12-10 18:51:38 [scrapy.core.scraper] WARNING: Dropped: DOWNLOAD FROM: www.anl.gov

2020-12-10 18:51:39 [scrapy.extensions.throttle] INFO: slot: www.anl.gov | conc: 1 | delay: 1000 ms (+0) | latency:   83 ms | size: 18170 bytes
2020-12-10 18:51:39 [scrapy.core.scraper] WARNING: Dropped: DOWNLOAD FROM: www.anl.gov

2020-12-10 18:51:41 [scrapy.extensions.throttle] INFO: slot: www.anl.gov | conc: 1 | delay: 1000 ms (+0) | latency:  918 ms | size: 18809 bytes
2020-12-10 18:51:41 [scrapy.core.scraper] WARNING: Dropped: DOWNLOAD FROM: www.anl.gov

2020-12-10 18:51:42 [scrapy.extensions.throttle] INFO: slot: www.anl.gov | conc: 1 | delay: 1000 ms (+0) | latency:   78 ms | size: 20039 bytes
2020-12-10 18:51:42 [scrapy.core.scraper] WARNING: Dropped: DOWNLOAD FROM: www.anl.gov

2020-12-10 18:51:43 [scrapy.extensions.throttle] INFO: slot: www.anl.gov | conc: 1 | delay: 1000 ms (+0) | latency:   61 ms | size: 19946 bytes
2020-12-10 18:51:43 [scrapy.core.scraper] WARNING: Dropped: DOWNLOAD FROM: www.anl.gov

2020-12-10 18:51:45 [scrapy.extensions.throttle] INFO: slot: www.anl.gov | conc: 1 | delay: 1000 ms (+0) | latency:  861 ms | size: 18708 bytes
2020-12-10 18:51:45 [scrapy.core.scraper] WARNING: Dropped: DOWNLOAD FROM: www.anl.gov

2020-12-10 18:51:46 [scrapy.extensions.throttle] INFO: slot: www.anl.gov | conc: 1 | delay: 1000 ms (+0) | latency:  793 ms | size: 18245 bytes
2020-12-10 18:51:46 [scrapy.core.scraper] WARNING: Dropped: DOWNLOAD FROM: www.anl.gov

2020-12-10 18:51:46 [scrapy.extensions.throttle] INFO: slot: www.anl.gov | conc: 1 | delay: 1000 ms (+0) | latency:   63 ms | size: 29623 bytes
2020-12-10 18:51:46 [scrapy.core.scraper] WARNING: Dropped: DOWNLOAD FROM: www.anl.gov

2020-12-10 18:51:48 [scrapy.extensions.throttle] INFO: slot: www.anl.gov | conc: 1 | delay: 1000 ms (+0) | latency:   75 ms | size: 24776 bytes
2020-12-10 18:51:48 [scrapy.core.scraper] WARNING: Dropped: DOWNLOAD FROM: www.anl.gov

2020-12-10 18:51:49 [scrapy.extensions.throttle] INFO: slot: www.anl.gov | conc: 1 | delay: 1000 ms (+0) | latency:   62 ms | size: 37453 bytes
2020-12-10 18:51:49 [scrapy.core.scraper] WARNING: Dropped: DOWNLOAD FROM: www.anl.gov

2020-12-10 18:51:51 [scrapy.extensions.throttle] INFO: slot: www.anl.gov | conc: 1 | delay: 1000 ms (+0) | latency:   76 ms | size: 27050 bytes
2020-12-10 18:51:51 [scrapy.core.scraper] WARNING: Dropped: DOWNLOAD FROM: www.anl.gov

2020-12-10 18:51:53 [scrapy.extensions.throttle] INFO: slot: www.anl.gov | conc: 2 | delay: 1000 ms (+0) | latency:   59 ms | size: 17741 bytes
2020-12-10 18:51:53 [scrapy.core.scraper] WARNING: Dropped: DOWNLOAD FROM: www.anl.gov

2020-12-10 18:51:53 [scrapy.extensions.throttle] INFO: slot: www.anl.gov | conc: 1 | delay: 1000 ms (+0) | latency: 1510 ms | size: 17630 bytes
2020-12-10 18:51:54 [scrapy.core.scraper] WARNING: Dropped: DOWNLOAD FROM: www.anl.gov

2020-12-10 18:51:55 [scrapy.extensions.throttle] INFO: slot: www.anl.gov | conc: 2 | delay: 1000 ms (+0) | latency:   59 ms | size: 18118 bytes
2020-12-10 18:51:55 [scrapy.core.scraper] WARNING: Dropped: DOWNLOAD FROM: www.anl.gov

2020-12-10 18:51:56 [scrapy.extensions.throttle] INFO: slot: www.anl.gov | conc: 1 | delay: 1086 ms (+86) | latency: 2172 ms | size: 17935 bytes
2020-12-10 18:51:56 [scrapy.core.scraper] WARNING: Dropped: DOWNLOAD FROM: www.anl.gov

2020-12-10 18:51:58 [scrapy.extensions.throttle] INFO: slot: www.anl.gov | conc: 2 | delay: 1000 ms (-86) | latency:   59 ms | size: 17612 bytes
2020-12-10 18:51:58 [scrapy.core.scraper] WARNING: Dropped: DOWNLOAD FROM: www.anl.gov

2020-12-10 18:51:58 [scrapy.extensions.throttle] INFO: slot: www.anl.gov | conc: 1 | delay: 1000 ms (+0) | latency: 1545 ms | size: 17686 bytes
2020-12-10 18:51:58 [scrapy.core.scraper] WARNING: Dropped: DOWNLOAD FROM: www.anl.gov

2020-12-10 18:51:59 [scrapy.extensions.throttle] INFO: slot: www.anl.gov | conc: 1 | delay: 1000 ms (+0) | latency:   62 ms | size: 18507 bytes
2020-12-10 18:51:59 [scrapy.core.scraper] WARNING: Dropped: DOWNLOAD FROM: www.anl.gov

2020-12-10 18:52:00 [scrapy.extensions.throttle] INFO: slot: www.anl.gov | conc: 1 | delay: 1000 ms (+0) | latency:   59 ms | size: 26748 bytes
2020-12-10 18:52:00 [scrapy.core.scraper] WARNING: Dropped: DOWNLOAD FROM: www.anl.gov

2020-12-10 18:52:01 [scrapy.extensions.throttle] INFO: slot: www.anl.gov | conc: 1 | delay: 1000 ms (+0) | latency:   67 ms | size: 20385 bytes
2020-12-10 18:52:01 [scrapy.core.scraper] WARNING: Dropped: DOWNLOAD FROM: www.anl.gov

2020-12-10 18:52:02 [scrapy.extensions.throttle] INFO: slot: www.anl.gov | conc: 1 | delay: 1000 ms (+0) | latency:   59 ms | size: 21152 bytes
2020-12-10 18:52:02 [scrapy.core.scraper] WARNING: Dropped: DOWNLOAD FROM: www.anl.gov

2020-12-10 18:52:03 [scrapy.extensions.throttle] INFO: slot: www.anl.gov | conc: 1 | delay: 1000 ms (+0) | latency:   59 ms | size: 20528 bytes
2020-12-10 18:52:04 [scrapy.core.scraper] WARNING: Dropped: DOWNLOAD FROM: www.anl.gov

2020-12-10 18:52:05 [scrapy.extensions.throttle] INFO: slot: www.anl.gov | conc: 1 | delay: 1000 ms (+0) | latency:   60 ms | size: 19341 bytes
2020-12-10 18:52:05 [scrapy.core.scraper] WARNING: Dropped: DOWNLOAD FROM: www.anl.gov

2020-12-10 18:52:06 [scrapy.extensions.throttle] INFO: slot: www.anl.gov | conc: 1 | delay: 1000 ms (+0) | latency:   60 ms | size: 20539 bytes
2020-12-10 18:52:06 [scrapy.core.scraper] WARNING: Dropped: DOWNLOAD FROM: www.anl.gov

2020-12-10 18:52:08 [scrapy.extensions.throttle] INFO: slot: www.anl.gov | conc: 1 | delay: 1000 ms (+0) | latency:   59 ms | size: 20384 bytes
2020-12-10 18:52:08 [scrapy.core.scraper] WARNING: Dropped: DOWNLOAD FROM: www.anl.gov

2020-12-10 18:52:09 [scrapy.extensions.throttle] INFO: slot: www.anl.gov | conc: 1 | delay: 1000 ms (+0) | latency:   60 ms | size: 21981 bytes
2020-12-10 18:52:09 [scrapy.core.scraper] WARNING: Dropped: DOWNLOAD FROM: www.anl.gov

2020-12-10 18:52:10 [scrapy.extensions.throttle] INFO: slot: www.anl.gov | conc: 1 | delay: 1000 ms (+0) | latency:   59 ms | size: 24256 bytes
2020-12-10 18:52:11 [scrapy.core.scraper] WARNING: Dropped: DOWNLOAD FROM: www.anl.gov

2020-12-10 18:52:11 [scrapy.extensions.throttle] INFO: slot: www.anl.gov | conc: 1 | delay: 1000 ms (+0) | latency:   58 ms | size: 19015 bytes
2020-12-10 18:52:11 [scrapy.core.scraper] WARNING: Dropped: DOWNLOAD FROM: www.anl.gov

2020-12-10 18:52:12 [scrapy.extensions.throttle] INFO: slot: www.anl.gov | conc: 1 | delay: 1000 ms (+0) | latency:   59 ms | size: 20816 bytes
2020-12-10 18:52:13 [scrapy.extensions.logstats] INFO: Crawled 141 pages (at 49 pages/min), scraped 47 items (at 0 items/min)
2020-12-10 18:52:13 [scrapy.core.scraper] WARNING: Dropped: DOWNLOAD FROM: www.anl.gov

2020-12-10 18:52:13 [scrapy.extensions.throttle] INFO: slot: www.anl.gov | conc: 1 | delay: 1000 ms (+0) | latency:   58 ms | size: 17997 bytes
2020-12-10 18:52:13 [scrapy.core.scraper] WARNING: Dropped: DOWNLOAD FROM: www.anl.gov

2020-12-10 18:52:15 [scrapy.extensions.throttle] INFO: slot: www.anl.gov | conc: 1 | delay: 1000 ms (+0) | latency:   59 ms | size: 20307 bytes
2020-12-10 18:52:15 [scrapy.core.scraper] WARNING: Dropped: DOWNLOAD FROM: www.anl.gov

2020-12-10 18:52:16 [scrapy.extensions.throttle] INFO: slot: www.anl.gov | conc: 1 | delay: 1000 ms (+0) | latency:   58 ms | size: 19517 bytes
2020-12-10 18:52:16 [scrapy.core.scraper] WARNING: Dropped: DOWNLOAD FROM: www.anl.gov

2020-12-10 18:52:17 [scrapy.extensions.throttle] INFO: slot: www.anl.gov | conc: 1 | delay: 1000 ms (+0) | latency:   59 ms | size: 20120 bytes
2020-12-10 18:52:17 [scrapy.core.scraper] WARNING: Dropped: DOWNLOAD FROM: www.anl.gov

2020-12-10 18:52:18 [scrapy.extensions.throttle] INFO: slot: www.anl.gov | conc: 1 | delay: 1000 ms (+0) | latency:   59 ms | size: 17917 bytes
2020-12-10 18:52:18 [scrapy.core.scraper] WARNING: Dropped: DOWNLOAD FROM: www.anl.gov

2020-12-10 18:52:19 [scrapy.extensions.throttle] INFO: slot: www.anl.gov | conc: 1 | delay: 1000 ms (+0) | latency:   59 ms | size: 19170 bytes
2020-12-10 18:52:19 [scrapy.core.scraper] WARNING: Dropped: DOWNLOAD FROM: www.anl.gov

2020-12-10 18:52:21 [scrapy.extensions.throttle] INFO: slot: www.anl.gov | conc: 1 | delay: 1000 ms (+0) | latency:   61 ms | size: 20098 bytes
2020-12-10 18:52:21 [scrapy.core.scraper] WARNING: Dropped: DOWNLOAD FROM: www.anl.gov

2020-12-10 18:52:22 [scrapy.extensions.throttle] INFO: slot: www.anl.gov | conc: 1 | delay: 1000 ms (+0) | latency:   53 ms | size:   228 bytes
2020-12-10 18:52:22 [scrapy.core.scraper] WARNING: Dropped: DOWNLOAD FROM: www.anl.gov

2020-12-10 18:52:22 [scrapy.core.engine] INFO: Closing spider (finished)
2020-12-10 18:52:22 [scrapy.statscollectors] INFO: Dumping Scrapy stats:
{'downloader/request_bytes': 45100,
 'downloader/request_count': 149,
 'downloader/request_method_count/GET': 149,
 'downloader/response_bytes': 3148472,
 'downloader/response_count': 149,
 'downloader/response_status_count/200': 123,
 'downloader/response_status_count/301': 10,
 'downloader/response_status_count/302': 7,
 'downloader/response_status_count/403': 9,
 'dupefilter/filtered': 5,
 'elapsed_time_seconds': 129.323399,
 'finish_reason': 'finished',
 'finish_time': datetime.datetime(2020, 12, 10, 18, 52, 22, 364666),
 'httperror/response_ignored_count': 16,
 'httperror/response_ignored_status_count/302': 7,
 'httperror/response_ignored_status_count/403': 9,
 'item_dropped_count': 83,
 'item_dropped_reasons_count/DropItem': 83,
 'item_scraped_count': 47,
 'log_count/ERROR': 1,
 'log_count/INFO': 326,
 'log_count/WARNING': 83,
 'memusage/max': 90140672,
 'memusage/startup': 56946688,
 'request_depth_max': 2,
 'response_received_count': 149,
 'scheduler/dequeued': 149,
 'scheduler/dequeued/memory': 149,
 'scheduler/enqueued': 149,
 'scheduler/enqueued/memory': 149,
 'start_time': datetime.datetime(2020, 12, 10, 18, 50, 13, 41267)}
2020-12-10 18:52:22 [scrapy.core.engine] INFO: Spider closed (finished)
